TN:
SF:src\modules\cities\infra\http\controllers\CitiesController.ts
FN:6,(anonymous_1)
FNF:1
FNH:1
FNDA:1,(anonymous_1)
DA:1,1
DA:2,1
DA:7,1
DA:8,1
DA:9,1
DA:11,1
DA:16,1
DA:20,1
LF:8
LH:8
BRF:0
BRH:0
end_of_record
TN:
SF:src\modules\cities\infra\http\routes\cities.routes.ts
FNF:0
FNH:0
DA:1,1
DA:2,1
DA:3,1
DA:4,1
DA:6,1
DA:8,1
DA:14,1
LF:7
LH:7
BRF:0
BRH:0
end_of_record
TN:
SF:src\modules\cities\infra\http\validations\CreateCityValidations.ts
FNF:0
FNH:0
DA:1,1
DA:3,1
LF:2
LH:2
BRF:0
BRH:0
end_of_record
TN:
SF:src\modules\cities\infra\typeorm\entities\City.ts
FN:29,(anonymous_3)
FNF:1
FNH:1
FNDA:3,(anonymous_3)
DA:1,2
DA:8,2
DA:9,2
DA:12,2
DA:14,2
DA:17,2
DA:21,2
DA:24,2
DA:27,2
DA:30,3
DA:31,3
DA:32,1
DA:34,2
LF:13
LH:13
BRDA:31,0,0,1
BRDA:31,0,1,2
BRF:2
BRH:2
end_of_record
TN:
SF:src\modules\cities\repositories\CitiesRepository.ts
FN:14,(anonymous_1)
FN:18,(anonymous_2)
FN:23,(anonymous_3)
FN:27,(anonymous_4)
FNF:4
FNH:2
FNDA:1,(anonymous_1)
FNDA:0,(anonymous_2)
FNDA:0,(anonymous_3)
FNDA:1,(anonymous_4)
DA:2,1
DA:4,1
DA:15,1
DA:19,0
DA:20,0
DA:24,0
DA:25,0
DA:28,1
DA:29,1
DA:30,1
DA:31,1
DA:34,1
LF:12
LH:8
BRF:0
BRH:0
end_of_record
TN:
SF:src\modules\cities\repositories\mocks\CitiesRepositoryMock.ts
FN:10,(anonymous_1)
FN:13,(anonymous_2)
FN:17,(anonymous_3)
FN:19,(anonymous_4)
FN:24,(anonymous_5)
FNF:5
FNH:2
FNDA:2,(anonymous_1)
FNDA:0,(anonymous_2)
FNDA:0,(anonymous_3)
FNDA:0,(anonymous_4)
FNDA:2,(anonymous_5)
DA:1,1
DA:3,1
DA:11,2
DA:14,0
DA:18,0
DA:19,0
DA:22,0
DA:25,2
DA:27,2
DA:28,2
DA:29,1
DA:31,1
DA:34,1
LF:13
LH:9
BRF:0
BRH:0
end_of_record
TN:
SF:src\modules\cities\services\CreateCityService.ts
FN:6,(anonymous_0)
FN:8,(anonymous_1)
FNF:2
FNH:2
FNDA:3,(anonymous_0)
FNDA:3,(anonymous_1)
DA:6,3
DA:9,3
DA:10,2
DA:14,2
LF:4
LH:4
BRF:0
BRH:0
end_of_record
